<?xml version="1.0" encoding="UTF-8"?>
<!-- Generated by org.testng.reporters.JUnitXMLReporter -->
<testsuite ignored="0" hostname="LAPTOP-0GD69QRF" failures="0" tests="6" name="Test" time="50.848" errors="0" timestamp="2025-04-15T22:44:27 CDT">
  <testcase classname="testCases.TC001_AccountRegistrationTest" name="verifyAccountRegistration" time="2.283"/>
  <testcase classname="testCases.TC002_LoginTest" name="verifyLogin" time="1.654"/>
  <testcase classname="testCases.TC003_LoginDDT" name="verifyLoginDDT" time="2.595"/>
  <testcase classname="testCases.TC003_LoginDDT" name="verifyLoginDDT" time="10.833"/>
  <testcase classname="testCases.TC003_LoginDDT" name="verifyLoginDDT" time="11.189"/>
  <testcase classname="testCases.TC003_LoginDDT" name="verifyLoginDDT" time="11.217"/>
</testsuite> <!-- Test -->
