<?xml version="1.0" encoding="UTF-8"?>
<!-- Generated by org.testng.reporters.JUnitXMLReporter -->
<testsuite ignored="0" hostname="LAPTOP-0GD69QRF" failures="0" tests="4" name="Test" time="38.073" errors="0" timestamp="2025-06-07T23:27:39 CDT">
  <testcase classname="testCases.TC001_AccountRegistrationTest" name="verifyAccountRegistration" time="3.079"/>
  <testcase classname="testCases.TC002_LoginTest" name="verifyLogin" time="1.986"/>
  <testcase classname="testCases.TC003_SearchProduct" name="searchForProduct" time="4.808"/>
  <testcase classname="testCases.TC004_AddProduct" name="addProduct" time="5.399"/>
</testsuite> <!-- Test -->
