<?xml version="1.0" encoding="UTF-8"?>
<testng-results ignored="0" total="4" passed="4" failed="0" skipped="0">
  <reporter-output>
  </reporter-output>
  <suite started-at="2025-06-07T23:27:01 CDT" name="Suite" finished-at="2025-06-07T23:27:39 CDT" duration-ms="38073">
    <groups>
      <group name="Master">
        <method signature="TC001_AccountRegistrationTest.verifyAccountRegistration()[pri:0, instance:testCases.TC001_AccountRegistrationTest@223d2c72]" name="verifyAccountRegistration" class="testCases.TC001_AccountRegistrationTest"/>
        <method signature="TC002_LoginTest.verifyLogin()[pri:0, instance:testCases.TC002_LoginTest@131774fe]" name="verifyLogin" class="testCases.TC002_LoginTest"/>
        <method signature="TC003_SearchProduct.searchForProduct()[pri:0, instance:testCases.TC003_SearchProduct@158d2680]" name="searchForProduct" class="testCases.TC003_SearchProduct"/>
        <method signature="TC004_AddProduct.addProduct()[pri:0, instance:testCases.TC004_AddProduct@77847718]" name="addProduct" class="testCases.TC004_AddProduct"/>
      </group> <!-- Master -->
      <group name="Sanity">
        <method signature="TC002_LoginTest.verifyLogin()[pri:0, instance:testCases.TC002_LoginTest@131774fe]" name="verifyLogin" class="testCases.TC002_LoginTest"/>
        <method signature="TC003_SearchProduct.searchForProduct()[pri:0, instance:testCases.TC003_SearchProduct@158d2680]" name="searchForProduct" class="testCases.TC003_SearchProduct"/>
        <method signature="TC004_AddProduct.addProduct()[pri:0, instance:testCases.TC004_AddProduct@77847718]" name="addProduct" class="testCases.TC004_AddProduct"/>
      </group> <!-- Sanity -->
      <group name="Regression">
        <method signature="TC001_AccountRegistrationTest.verifyAccountRegistration()[pri:0, instance:testCases.TC001_AccountRegistrationTest@223d2c72]" name="verifyAccountRegistration" class="testCases.TC001_AccountRegistrationTest"/>
      </group> <!-- Regression -->
    </groups>
    <test started-at="2025-06-07T23:27:01 CDT" name="Test" finished-at="2025-06-07T23:27:39 CDT" duration-ms="38073">
      <class name="testCases.TC004_AddProduct">
        <test-method is-config="true" signature="setUp(java.lang.String,java.lang.String)[pri:0, instance:testCases.TC004_AddProduct@77847718]" started-at="2025-06-07T23:27:28 CDT" name="setUp" finished-at="2025-06-07T23:27:33 CDT" duration-ms="4739" status="PASS">
          <params>
            <param index="0">
              <value>
                <![CDATA[Windows]]>
              </value>
            </param>
            <param index="1">
              <value>
                <![CDATA[chrome]]>
              </value>
            </param>
          </params>
          <reporter-output>
          </reporter-output>
        </test-method> <!-- setUp -->
        <test-method signature="addProduct()[pri:0, instance:testCases.TC004_AddProduct@77847718]" started-at="2025-06-07T23:27:33 CDT" name="addProduct" finished-at="2025-06-07T23:27:39 CDT" duration-ms="5399" status="PASS">
          <reporter-output>
          </reporter-output>
        </test-method> <!-- addProduct -->
        <test-method is-config="true" signature="tearDown()[pri:0, instance:testCases.TC004_AddProduct@77847718]" started-at="2025-06-07T23:27:39 CDT" name="tearDown" finished-at="2025-06-07T23:27:39 CDT" duration-ms="115" status="PASS">
          <reporter-output>
          </reporter-output>
        </test-method> <!-- tearDown -->
      </class> <!-- testCases.TC004_AddProduct -->
      <class name="testCases.TC002_LoginTest">
        <test-method is-config="true" signature="setUp(java.lang.String,java.lang.String)[pri:0, instance:testCases.TC002_LoginTest@131774fe]" started-at="2025-06-07T23:27:10 CDT" name="setUp" finished-at="2025-06-07T23:27:16 CDT" duration-ms="5412" status="PASS">
          <params>
            <param index="0">
              <value>
                <![CDATA[Windows]]>
              </value>
            </param>
            <param index="1">
              <value>
                <![CDATA[chrome]]>
              </value>
            </param>
          </params>
          <reporter-output>
          </reporter-output>
        </test-method> <!-- setUp -->
        <test-method signature="verifyLogin()[pri:0, instance:testCases.TC002_LoginTest@131774fe]" started-at="2025-06-07T23:27:16 CDT" name="verifyLogin" finished-at="2025-06-07T23:27:18 CDT" duration-ms="1986" status="PASS">
          <reporter-output>
          </reporter-output>
        </test-method> <!-- verifyLogin -->
        <test-method is-config="true" signature="tearDown()[pri:0, instance:testCases.TC002_LoginTest@131774fe]" started-at="2025-06-07T23:27:18 CDT" name="tearDown" finished-at="2025-06-07T23:27:18 CDT" duration-ms="67" status="PASS">
          <reporter-output>
          </reporter-output>
        </test-method> <!-- tearDown -->
      </class> <!-- testCases.TC002_LoginTest -->
      <class name="testCases.TC001_AccountRegistrationTest">
        <test-method is-config="true" signature="setUp(java.lang.String,java.lang.String)[pri:0, instance:testCases.TC001_AccountRegistrationTest@223d2c72]" started-at="2025-06-07T23:27:01 CDT" name="setUp" finished-at="2025-06-07T23:27:07 CDT" duration-ms="6281" status="PASS">
          <params>
            <param index="0">
              <value>
                <![CDATA[Windows]]>
              </value>
            </param>
            <param index="1">
              <value>
                <![CDATA[chrome]]>
              </value>
            </param>
          </params>
          <reporter-output>
          </reporter-output>
        </test-method> <!-- setUp -->
        <test-method signature="verifyAccountRegistration()[pri:0, instance:testCases.TC001_AccountRegistrationTest@223d2c72]" started-at="2025-06-07T23:27:07 CDT" name="verifyAccountRegistration" finished-at="2025-06-07T23:27:10 CDT" duration-ms="3079" status="PASS">
          <reporter-output>
          </reporter-output>
        </test-method> <!-- verifyAccountRegistration -->
        <test-method is-config="true" signature="tearDown()[pri:0, instance:testCases.TC001_AccountRegistrationTest@223d2c72]" started-at="2025-06-07T23:27:10 CDT" name="tearDown" finished-at="2025-06-07T23:27:10 CDT" duration-ms="75" status="PASS">
          <reporter-output>
          </reporter-output>
        </test-method> <!-- tearDown -->
      </class> <!-- testCases.TC001_AccountRegistrationTest -->
      <class name="testCases.TC003_SearchProduct">
        <test-method is-config="true" signature="setUp(java.lang.String,java.lang.String)[pri:0, instance:testCases.TC003_SearchProduct@158d2680]" started-at="2025-06-07T23:27:18 CDT" name="setUp" finished-at="2025-06-07T23:27:23 CDT" duration-ms="5824" status="PASS">
          <params>
            <param index="0">
              <value>
                <![CDATA[Windows]]>
              </value>
            </param>
            <param index="1">
              <value>
                <![CDATA[chrome]]>
              </value>
            </param>
          </params>
          <reporter-output>
          </reporter-output>
        </test-method> <!-- setUp -->
        <test-method signature="searchForProduct()[pri:0, instance:testCases.TC003_SearchProduct@158d2680]" started-at="2025-06-07T23:27:23 CDT" name="searchForProduct" finished-at="2025-06-07T23:27:28 CDT" duration-ms="4808" status="PASS">
          <reporter-output>
          </reporter-output>
        </test-method> <!-- searchForProduct -->
        <test-method is-config="true" signature="tearDown()[pri:0, instance:testCases.TC003_SearchProduct@158d2680]" started-at="2025-06-07T23:27:28 CDT" name="tearDown" finished-at="2025-06-07T23:27:28 CDT" duration-ms="129" status="PASS">
          <reporter-output>
          </reporter-output>
        </test-method> <!-- tearDown -->
      </class> <!-- testCases.TC003_SearchProduct -->
    </test> <!-- Test -->
  </suite> <!-- Suite -->
</testng-results>
