<?xml version="1.0" encoding="UTF-8"?>
<testng-results ignored="0" total="1" passed="1" failed="0" skipped="0">
  <reporter-output>
  </reporter-output>
  <suite started-at="2025-06-07T23:24:06 CDT" name="Suite" finished-at="2025-06-07T23:24:20 CDT" duration-ms="14016">
    <groups>
      <group name="Master">
        <method signature="TC004_AddProduct.addProduct()[pri:0, instance:testCases.TC004_AddProduct@79079097]" name="addProduct" class="testCases.TC004_AddProduct"/>
      </group> <!-- Master -->
      <group name="Sanity">
        <method signature="TC004_AddProduct.addProduct()[pri:0, instance:testCases.TC004_AddProduct@79079097]" name="addProduct" class="testCases.TC004_AddProduct"/>
      </group> <!-- Sanity -->
    </groups>
    <test started-at="2025-06-07T23:24:06 CDT" name="Test" finished-at="2025-06-07T23:24:20 CDT" duration-ms="14016">
      <class name="testCases.TC004_AddProduct">
        <test-method is-config="true" signature="setUp(java.lang.String,java.lang.String)[pri:0, instance:testCases.TC004_AddProduct@79079097]" started-at="2025-06-07T23:24:06 CDT" name="setUp" finished-at="2025-06-07T23:24:13 CDT" duration-ms="6778" status="PASS">
          <params>
            <param index="0">
              <value>
                <![CDATA[Windows]]>
              </value>
            </param>
            <param index="1">
              <value>
                <![CDATA[chrome]]>
              </value>
            </param>
          </params>
          <reporter-output>
          </reporter-output>
        </test-method> <!-- setUp -->
        <test-method signature="addProduct()[pri:0, instance:testCases.TC004_AddProduct@79079097]" started-at="2025-06-07T23:24:13 CDT" name="addProduct" finished-at="2025-06-07T23:24:20 CDT" duration-ms="6940" status="PASS">
          <reporter-output>
          </reporter-output>
        </test-method> <!-- addProduct -->
        <test-method is-config="true" signature="tearDown()[pri:0, instance:testCases.TC004_AddProduct@79079097]" started-at="2025-06-07T23:24:20 CDT" name="tearDown" finished-at="2025-06-07T23:24:20 CDT" duration-ms="107" status="PASS">
          <reporter-output>
          </reporter-output>
        </test-method> <!-- tearDown -->
      </class> <!-- testCases.TC004_AddProduct -->
    </test> <!-- Test -->
  </suite> <!-- Suite -->
</testng-results>
